0 info it worked if it ends with ok
1 verbose cli [ 'node', '/usr/local/bin/npm', 'install', '-g', 'turf' ]
2 info using npm@1.4.28
3 info using node@v0.10.35
4 verbose cache add [ 'turf', null ]
5 verbose cache add name=undefined spec="turf" args=["turf",null]
6 verbose parsed url { protocol: null,
6 verbose parsed url   slashes: null,
6 verbose parsed url   auth: null,
6 verbose parsed url   host: null,
6 verbose parsed url   port: null,
6 verbose parsed url   hostname: null,
6 verbose parsed url   hash: null,
6 verbose parsed url   search: null,
6 verbose parsed url   query: null,
6 verbose parsed url   pathname: 'turf',
6 verbose parsed url   path: 'turf',
6 verbose parsed url   href: 'turf' }
7 silly lockFile 7397ea2e-turf turf
8 verbose lock turf /Users/davide/.npm/7397ea2e-turf.lock
9 silly lockFile 7397ea2e-turf turf
10 silly lockFile 7397ea2e-turf turf
11 verbose addNamed [ 'turf', '' ]
12 verbose addNamed [ null, '*' ]
13 silly lockFile 02c4c37c-turf turf@
14 verbose lock turf@ /Users/davide/.npm/02c4c37c-turf.lock
15 silly addNameRange { name: 'turf', range: '*', hasData: false }
16 verbose request where is /turf
17 verbose request registry https://registry.npmjs.org/
18 verbose request id 552745ecc954b8d3
19 verbose url raw /turf
20 verbose url resolving [ 'https://registry.npmjs.org/', './turf' ]
21 verbose url resolved https://registry.npmjs.org/turf
22 verbose request where is https://registry.npmjs.org/turf
23 info trying registry request attempt 1 at 10:39:17
24 http GET https://registry.npmjs.org/turf
25 http 200 https://registry.npmjs.org/turf
26 silly registry.get cb [ 200,
26 silly registry.get   { date: 'Fri, 20 Feb 2015 09:39:18 GMT',
26 silly registry.get     server: 'CouchDB/1.5.0 (Erlang OTP/R16B03)',
26 silly registry.get     etag: '"2Y264LNZO4LLNQT2RXZT9G4GW"',
26 silly registry.get     'content-type': 'application/json',
26 silly registry.get     'cache-control': 'max-age=60',
26 silly registry.get     'content-length': '155769',
26 silly registry.get     'accept-ranges': 'bytes',
26 silly registry.get     via: '1.1 varnish',
26 silly registry.get     age: '0',
26 silly registry.get     'x-served-by': 'cache-fra1229-FRA',
26 silly registry.get     'x-cache': 'MISS',
26 silly registry.get     'x-cache-hits': '0',
26 silly registry.get     'x-timer': 'S1424425157.387462,VS0,VE815',
26 silly registry.get     vary: 'Accept',
26 silly registry.get     'keep-alive': 'timeout=10, max=50',
26 silly registry.get     connection: 'Keep-Alive' } ]
27 silly addNameRange number 2 { name: 'turf', range: '*', hasData: true }
28 silly addNameRange versions [ 'turf',
28 silly addNameRange   [ '0.0.42',
28 silly addNameRange     '0.0.43',
28 silly addNameRange     '0.0.44',
28 silly addNameRange     '0.0.45',
28 silly addNameRange     '0.0.46',
28 silly addNameRange     '0.0.47',
28 silly addNameRange     '0.0.48',
28 silly addNameRange     '0.0.49',
28 silly addNameRange     '0.0.50',
28 silly addNameRange     '0.0.51',
28 silly addNameRange     '0.0.52',
28 silly addNameRange     '0.0.54',
28 silly addNameRange     '0.0.55',
28 silly addNameRange     '0.0.56',
28 silly addNameRange     '0.0.57',
28 silly addNameRange     '0.0.59',
28 silly addNameRange     '0.0.60',
28 silly addNameRange     '0.0.61',
28 silly addNameRange     '0.0.62',
28 silly addNameRange     '0.0.63',
28 silly addNameRange     '0.0.64',
28 silly addNameRange     '0.0.65',
28 silly addNameRange     '0.0.66',
28 silly addNameRange     '0.0.67',
28 silly addNameRange     '0.0.68',
28 silly addNameRange     '0.0.69',
28 silly addNameRange     '0.0.70',
28 silly addNameRange     '0.0.71',
28 silly addNameRange     '0.0.72',
28 silly addNameRange     '0.0.73',
28 silly addNameRange     '0.0.76',
28 silly addNameRange     '0.0.77',
28 silly addNameRange     '0.0.78',
28 silly addNameRange     '0.0.79',
28 silly addNameRange     '0.0.80',
28 silly addNameRange     '0.0.82',
28 silly addNameRange     '0.0.83',
28 silly addNameRange     '0.0.84',
28 silly addNameRange     '0.0.86',
28 silly addNameRange     '0.0.87',
28 silly addNameRange     '0.0.88',
28 silly addNameRange     '0.0.89',
28 silly addNameRange     '0.0.90',
28 silly addNameRange     '0.0.91',
28 silly addNameRange     '0.0.92',
28 silly addNameRange     '0.0.93',
28 silly addNameRange     '0.0.94',
28 silly addNameRange     '0.0.95',
28 silly addNameRange     '0.0.97',
28 silly addNameRange     '0.0.98',
28 silly addNameRange     '0.0.99',
28 silly addNameRange     '0.0.101',
28 silly addNameRange     '0.0.103',
28 silly addNameRange     '0.0.104',
28 silly addNameRange     '0.0.105',
28 silly addNameRange     '0.0.106',
28 silly addNameRange     '0.0.107',
28 silly addNameRange     '0.0.108',
28 silly addNameRange     '0.0.109',
28 silly addNameRange     '0.0.110',
28 silly addNameRange     '0.0.111',
28 silly addNameRange     '0.0.112',
28 silly addNameRange     '0.0.113',
28 silly addNameRange     '0.0.114',
28 silly addNameRange     '0.0.116',
28 silly addNameRange     '0.0.117',
28 silly addNameRange     '0.0.118',
28 silly addNameRange     '0.0.119',
28 silly addNameRange     '0.0.120',
28 silly addNameRange     '0.0.121',
28 silly addNameRange     '0.0.122',
28 silly addNameRange     '0.0.123',
28 silly addNameRange     '0.0.124',
28 silly addNameRange     '0.0.125',
28 silly addNameRange     '0.0.126',
28 silly addNameRange     '0.0.128',
28 silly addNameRange     '0.1.0',
28 silly addNameRange     '0.1.1',
28 silly addNameRange     '0.1.2',
28 silly addNameRange     '0.1.3',
28 silly addNameRange     '0.1.4',
28 silly addNameRange     '0.1.5',
28 silly addNameRange     '0.1.6',
28 silly addNameRange     '0.1.7',
28 silly addNameRange     '0.2.0',
28 silly addNameRange     '0.2.1',
28 silly addNameRange     '0.3.0',
28 silly addNameRange     '0.4.0',
28 silly addNameRange     '0.4.1',
28 silly addNameRange     '0.4.2',
28 silly addNameRange     '0.4.3',
28 silly addNameRange     '1.0.0',
28 silly addNameRange     '1.2.0',
28 silly addNameRange     '1.2.1',
28 silly addNameRange     '1.3.0',
28 silly addNameRange     '1.3.1',
28 silly addNameRange     '1.3.2',
28 silly addNameRange     '1.3.3',
28 silly addNameRange     '1.3.4',
28 silly addNameRange     '1.3.5',
28 silly addNameRange     '1.4.0' ] ]
29 verbose addNamed [ 'turf', '1.4.0' ]
30 verbose addNamed [ '1.4.0', '1.4.0' ]
31 silly lockFile 8a51d11a-turf-1-4-0 turf@1.4.0
32 verbose lock turf@1.4.0 /Users/davide/.npm/8a51d11a-turf-1-4-0.lock
33 silly lockFile 2fade5f2-ry-npmjs-org-turf-turf-1-4-0-tgz https://registry.npmjs.org/turf/-/turf-1.4.0.tgz
34 verbose lock https://registry.npmjs.org/turf/-/turf-1.4.0.tgz /Users/davide/.npm/2fade5f2-ry-npmjs-org-turf-turf-1-4-0-tgz.lock
35 verbose addRemoteTarball [ 'https://registry.npmjs.org/turf/-/turf-1.4.0.tgz',
35 verbose addRemoteTarball   'de3bd9efaea213c74f2e98c54abf7f0df8272b19' ]
36 info retry fetch attempt 1 at 10:39:18
37 verbose fetch to= /var/folders/4j/k79hy23950jggcnlckwymym40000gt/T/npm-11565-MxC_rMk6/registry.npmjs.org/turf/-/turf-1.4.0.tgz
38 http GET https://registry.npmjs.org/turf/-/turf-1.4.0.tgz
39 http 200 https://registry.npmjs.org/turf/-/turf-1.4.0.tgz
40 silly lockFile 2fade5f2-ry-npmjs-org-turf-turf-1-4-0-tgz https://registry.npmjs.org/turf/-/turf-1.4.0.tgz
41 silly lockFile 2fade5f2-ry-npmjs-org-turf-turf-1-4-0-tgz https://registry.npmjs.org/turf/-/turf-1.4.0.tgz
42 silly lockFile 8a51d11a-turf-1-4-0 turf@1.4.0
43 silly lockFile 8a51d11a-turf-1-4-0 turf@1.4.0
44 silly lockFile 02c4c37c-turf turf@
45 silly lockFile 02c4c37c-turf turf@
46 silly resolved [ { name: 'turf',
46 silly resolved     version: '1.4.0',
46 silly resolved     description: 'a node.js library for performing geospatial operations with geojson',
46 silly resolved     main: 'index.js',
46 silly resolved     scripts:
46 silly resolved      { test: 'node test.js',
46 silly resolved        build: 'browserify index.js -s turf > turf.js && uglifyjs turf.js -c -m > turf.min.js;',
46 silly resolved        doc: 'jsdoc index.js ./node_modules/turf-*/index.js',
46 silly resolved        size: 'browserify index.js --full-paths -s turf | uglifyjs -c -m | discify | hcat' },
46 silly resolved     repository: { type: 'git', url: 'https://github.com/turfjs/turf.git' },
46 silly resolved     keywords:
46 silly resolved      [ 'gis',
46 silly resolved        'geo',
46 silly resolved        'geojs',
46 silly resolved        'geospatial',
46 silly resolved        'geography',
46 silly resolved        'geometry',
46 silly resolved        'map',
46 silly resolved        'contour',
46 silly resolved        'centroid',
46 silly resolved        'tin',
46 silly resolved        'extent',
46 silly resolved        'geojson',
46 silly resolved        'grid',
46 silly resolved        'polygon',
46 silly resolved        'line',
46 silly resolved        'point',
46 silly resolved        'area',
46 silly resolved        'analysis',
46 silly resolved        'statistics',
46 silly resolved        'stats',
46 silly resolved        'midpoint',
46 silly resolved        'plane',
46 silly resolved        'quantile',
46 silly resolved        'jenks',
46 silly resolved        'sample' ],
46 silly resolved     author: { name: 'morganherlocker' },
46 silly resolved     license: 'MIT',
46 silly resolved     bugs: { url: 'https://github.com/morganherlocker/turf/issues' },
46 silly resolved     dependencies:
46 silly resolved      { 'turf-aggregate': '1.0.2',
46 silly resolved        'turf-along': '^1.0.2',
46 silly resolved        'turf-area': '^1.1.1',
46 silly resolved        'turf-average': '1.1.1',
46 silly resolved        'turf-bbox-polygon': '^1.0.1',
46 silly resolved        'turf-bearing': '1.0.1',
46 silly resolved        'turf-bezier': '1.0.2',
46 silly resolved        'turf-buffer': '1.0.1',
46 silly resolved        'turf-center': '^1.0.2',
46 silly resolved        'turf-centroid': '^1.1.2',
46 silly resolved        'turf-combine': '1.0.2',
46 silly resolved        'turf-concave': '1.1.3',
46 silly resolved        'turf-convex': '1.0.1',
46 silly resolved        'turf-count': '1.0.2',
46 silly resolved        'turf-destination': '^1.2.1',
46 silly resolved        'turf-deviation': '1.0.1',
46 silly resolved        'turf-distance': '^1.0.1',
46 silly resolved        'turf-envelope': '~1.0.2',
46 silly resolved        'turf-erase': '1.3.1',
46 silly resolved        'turf-explode': '^1.0.1',
46 silly resolved        'turf-extent': '^1.0.4',
46 silly resolved        'turf-featurecollection': '~1.0.1',
46 silly resolved        'turf-filter': '^1.0.1',
46 silly resolved        'turf-flip': '1.0.3',
46 silly resolved        'turf-grid': '1.0.1',
46 silly resolved        'turf-hex': '^1.0.2',
46 silly resolved        'turf-inside': '^1.1.4',
46 silly resolved        'turf-intersect': '1.4.1',
46 silly resolved        'turf-isobands': '^1.0.4',
46 silly resolved        'turf-isolines': '1.0.2',
46 silly resolved        'turf-jenks': '1.0.1',
46 silly resolved        'turf-kinks': '^1.3.1',
46 silly resolved        'turf-line-distance': '^1.0.2',
46 silly resolved        'turf-line-slice': '^1.3.4',
46 silly resolved        'turf-linestring': '^1.0.2',
46 silly resolved        'turf-max': '1.0.1',
46 silly resolved        'turf-median': '1.0.2',
46 silly resolved        'turf-merge': '1.0.2',
46 silly resolved        'turf-midpoint': '^1.0.1',
46 silly resolved        'turf-min': '1.0.1',
46 silly resolved        'turf-nearest': '^1.0.2',
46 silly resolved        'turf-planepoint': '1.0.1',
46 silly resolved        'turf-point': '^2.0.1',
46 silly resolved        'turf-point-on-line': '^1.0.2',
46 silly resolved        'turf-point-on-surface': '^1.1.1',
46 silly resolved        'turf-polygon': '^1.0.3',
46 silly resolved        'turf-quantile': '1.0.1',
46 silly resolved        'turf-random': '^1.0.1',
46 silly resolved        'turf-reclass': '1.0.1',
46 silly resolved        'turf-remove': '^1.0.1',
46 silly resolved        'turf-sample': '^1.0.1',
46 silly resolved        'turf-simplify': '^1.0.3',
46 silly resolved        'turf-size': '^1.1.1',
46 silly resolved        'turf-square': '^1.0.1',
46 silly resolved        'turf-sum': '1.0.1',
46 silly resolved        'turf-tag': '~1.0.1',
46 silly resolved        'turf-tin': '1.0.6',
46 silly resolved        'turf-union': '1.0.1',
46 silly resolved        'turf-variance': '1.0.1',
46 silly resolved        'turf-within': '^1.0.1' },
46 silly resolved     devDependencies:
46 silly resolved      { browserify: '~8.1.3',
46 silly resolved        disc: '^1.3.2',
46 silly resolved        hcat: '0.0.5',
46 silly resolved        jsdoc: '^3.3.0-beta1',
46 silly resolved        tape: '^3.5.0',
46 silly resolved        'uglify-js': '~2.4.16' },
46 silly resolved     gitHead: 'e044d0270e51901f542f9f6cc0531f745b515955',
46 silly resolved     homepage: 'https://github.com/turfjs/turf',
46 silly resolved     _id: 'turf@1.4.0',
46 silly resolved     _shasum: 'de3bd9efaea213c74f2e98c54abf7f0df8272b19',
46 silly resolved     _from: 'turf@',
46 silly resolved     _npmVersion: '1.4.23',
46 silly resolved     _npmUser: { name: 'morganherlocker', email: 'morgan.herlocker@gmail.com' },
46 silly resolved     maintainers: [ [Object] ],
46 silly resolved     dist:
46 silly resolved      { shasum: 'de3bd9efaea213c74f2e98c54abf7f0df8272b19',
46 silly resolved        tarball: 'http://registry.npmjs.org/turf/-/turf-1.4.0.tgz' },
46 silly resolved     directories: {},
46 silly resolved     _resolved: 'https://registry.npmjs.org/turf/-/turf-1.4.0.tgz' } ]
47 info install turf@1.4.0 into /Users/davide/npm/lib
48 info installOne turf@1.4.0
49 verbose lib/node_modules/turf unbuild
50 verbose tar unpack /Users/davide/.npm/turf/1.4.0/package.tgz
51 silly lockFile 42342332-davide-npm-lib-node-modules-turf tar:///Users/davide/npm/lib/node_modules/turf
52 verbose lock tar:///Users/davide/npm/lib/node_modules/turf /Users/davide/.npm/42342332-davide-npm-lib-node-modules-turf.lock
53 silly lockFile 127b99b1-avide-npm-turf-1-4-0-package-tgz tar:///Users/davide/.npm/turf/1.4.0/package.tgz
54 verbose lock tar:///Users/davide/.npm/turf/1.4.0/package.tgz /Users/davide/.npm/127b99b1-avide-npm-turf-1-4-0-package-tgz.lock
55 silly gunzTarPerm modes [ '755', '644' ]
56 error Error: EACCES, mkdir '/Users/davide/npm/lib/node_modules/turf'
56 error  { [Error: EACCES, mkdir '/Users/davide/npm/lib/node_modules/turf']
56 error   errno: 3,
56 error   code: 'EACCES',
56 error   path: '/Users/davide/npm/lib/node_modules/turf',
56 error   fstream_type: 'Directory',
56 error   fstream_path: '/Users/davide/npm/lib/node_modules/turf',
56 error   fstream_class: 'DirWriter',
56 error   fstream_stack:
56 error    [ '/usr/local/lib/node_modules/npm/node_modules/fstream/lib/dir-writer.js:36:23',
56 error      '/usr/local/lib/node_modules/npm/node_modules/mkdirp/index.js:46:53',
56 error      'Object.oncomplete (fs.js:108:15)' ] }
57 error Please try running this command again as root/Administrator.
58 error System Darwin 14.0.0
59 error command "node" "/usr/local/bin/npm" "install" "-g" "turf"
60 error cwd /Users/davide/Desktop/FIRE
61 error node -v v0.10.35
62 error npm -v 1.4.28
63 error path /Users/davide/npm/lib/node_modules/turf
64 error fstream_path /Users/davide/npm/lib/node_modules/turf
65 error fstream_type Directory
66 error fstream_class DirWriter
67 error code EACCES
68 error errno 3
69 error stack Error: EACCES, mkdir '/Users/davide/npm/lib/node_modules/turf'
70 error fstream_stack /usr/local/lib/node_modules/npm/node_modules/fstream/lib/dir-writer.js:36:23
70 error fstream_stack /usr/local/lib/node_modules/npm/node_modules/mkdirp/index.js:46:53
70 error fstream_stack Object.oncomplete (fs.js:108:15)
71 verbose exit [ 3, true ]
